app/build/intermediates/manifest_merge_blame_file/release/manifest-merger-blame-release-report.txt
1<?xml version="1.0" encoding="utf-8"?>
2<manifest xmlns:android="http://schemas.android.com/apk/res/android"
3    package="com.igorbresende.ubwear"
4    android:versionCode="1009"
5    android:versionName="1.0" >
6
7    <uses-sdk
8        android:minSdkVersion="23"
8-->src/main/AndroidManifest.xml
9        android:targetSdkVersion="33" />
9-->src/main/AndroidManifest.xml
10
11    <uses-permission android:name="android.permission.INTERNET" />
11-->src/main/AndroidManifest.xml:6:5-67
11-->src/main/AndroidManifest.xml:6:22-64
12    <uses-permission android:name="android.permission.WAKE_LOCK" />
12-->src/main/AndroidManifest.xml:7:5-68
12-->src/main/AndroidManifest.xml:7:22-65
13
14    <application
14-->src/main/AndroidManifest.xml:9:5-28:19
15        android:name="com.igorbresende.ubwear.MyApplication"
15-->src/main/AndroidManifest.xml:14:9-61
16        android:appComponentFactory="androidx.core.app.CoreComponentFactory"
16-->[androidx.core:core:1.8.0] AndroidManifest.xml:24:18-86
17        android:extractNativeLibs="false"
18        android:icon="@mipmap/ic_launcher"
18-->src/main/AndroidManifest.xml:10:9-43
19        android:label="@string/app_name"
19-->src/main/AndroidManifest.xml:11:9-41
20        android:roundIcon="@mipmap/ic_launcher"
20-->src/main/AndroidManifest.xml:12:9-48
21        android:supportsRtl="true"
21-->src/main/AndroidManifest.xml:13:9-35
22        android:theme="@style/AppTheme" >
22-->src/main/AndroidManifest.xml:15:9-40
23        <activity
23-->src/main/AndroidManifest.xml:18:9-26:20
24            android:name="com.igorbresende.ubwear.MainActivity"
24-->src/main/AndroidManifest.xml:18:19-70
25            android:exported="true"
25-->src/main/AndroidManifest.xml:20:13-36
26            android:resizeableActivity="true" >
26-->src/main/AndroidManifest.xml:19:13-46
27            <intent-filter>
27-->src/main/AndroidManifest.xml:22:13-25:29
28                <action android:name="android.intent.action.MAIN" />
28-->src/main/AndroidManifest.xml:23:17-69
28-->src/main/AndroidManifest.xml:23:25-66
29
30                <category android:name="android.intent.category.LAUNCHER" />
30-->src/main/AndroidManifest.xml:24:17-77
30-->src/main/AndroidManifest.xml:24:27-74
31            </intent-filter>
32        </activity>
33        <activity
33-->[com.google.android.gms:play-services-base:17.5.0] AndroidManifest.xml:23:9-26:75
34            android:name="com.google.android.gms.common.api.GoogleApiActivity"
34-->[com.google.android.gms:play-services-base:17.5.0] AndroidManifest.xml:24:13-79
35            android:exported="false"
35-->[com.google.android.gms:play-services-base:17.5.0] AndroidManifest.xml:25:13-37
36            android:theme="@android:style/Theme.Translucent.NoTitleBar" />
36-->[com.google.android.gms:play-services-base:17.5.0] AndroidManifest.xml:26:13-72
37
38        <meta-data
38-->[com.google.android.gms:play-services-basement:17.5.0] AndroidManifest.xml:23:9-25:69
39            android:name="com.google.android.gms.version"
39-->[com.google.android.gms:play-services-basement:17.5.0] AndroidManifest.xml:24:13-58
40            android:value="@integer/google_play_services_version" />
40-->[com.google.android.gms:play-services-basement:17.5.0] AndroidManifest.xml:25:13-66
41
42        <provider
42-->[androidx.emoji2:emoji2:1.2.0-beta01] AndroidManifest.xml:25:9-33:20
43            android:name="androidx.startup.InitializationProvider"
43-->[androidx.emoji2:emoji2:1.2.0-beta01] AndroidManifest.xml:26:13-67
44            android:authorities="com.igorbresende.ubwear.androidx-startup"
44-->[androidx.emoji2:emoji2:1.2.0-beta01] AndroidManifest.xml:27:13-68
45            android:exported="false" >
45-->[androidx.emoji2:emoji2:1.2.0-beta01] AndroidManifest.xml:28:13-37
46            <meta-data
46-->[androidx.emoji2:emoji2:1.2.0-beta01] AndroidManifest.xml:30:13-32:52
47                android:name="androidx.emoji2.text.EmojiCompatInitializer"
47-->[androidx.emoji2:emoji2:1.2.0-beta01] AndroidManifest.xml:31:17-75
48                android:value="androidx.startup" />
48-->[androidx.emoji2:emoji2:1.2.0-beta01] AndroidManifest.xml:32:17-49
49            <meta-data
49-->[androidx.lifecycle:lifecycle-process:2.4.1] AndroidManifest.xml:31:13-33:52
50                android:name="androidx.lifecycle.ProcessLifecycleInitializer"
50-->[androidx.lifecycle:lifecycle-process:2.4.1] AndroidManifest.xml:32:17-78
51                android:value="androidx.startup" />
51-->[androidx.lifecycle:lifecycle-process:2.4.1] AndroidManifest.xml:33:17-49
52        </provider>
53    </application>
54
55</manifest>